# JRE version: OpenJDK Runtime Environment (21.0.8) (build 21.0.8+-14196175-b1038.72)
# Java VM: OpenJDK 64-Bit Server VM (21.0.8+-14196175-b1038.72, mixed mode, tiered, compressed oops, compressed class ptrs, g1 gc, windows-amd64)
GC Precious Log:
 CardTable entry size: 512
 Card Set container configuration: InlinePtr #cards 5 size 8 Array Of Cards #cards 12 size 40 Howl #buckets 4 coarsen threshold 1843 Howl Bitmap #cards 512 size 80 coarsen threshold 460 Card regions per heap region 1 cards per card region 2048
 CPUs: 8 total, 8 available
 Memory: 3820M
 Large Page Support: Disabled
 NUMA Support: Disabled
 Compressed Oops: Enabled (32-bit)
 Heap Region Size: 1M
 Heap Min Capacity: 8M
 Heap Initial Capacity: 60M
 Heap Max Capacity: 2G
 Pre-touch: Disabled
 Parallel Workers: 8
 Concurrent Workers: 2
 Concurrent Refinement Workers: 8
 Periodic GC: Disabled
Heap:
 garbage-first heap   total 321536K, used 282112K [0x0000000080000000, 0x0000000100000000)
  region size 1024K, 86 young (88064K), 6 survivors (6144K)
 Metaspace       used 143258K, committed 145792K, reserved 1179648K
  class space    used 19941K, committed 21120K, reserved 1048576K
GC Heap History (20 events):
Event: 18.136 GC heap before
{Heap before GC invocations=47 (full 0):
 garbage-first heap   total 268288K, used 243807K [0x0000000080000000, 0x0000000100000000)
  region size 1024K, 85 young (87040K), 10 survivors (10240K)
 Metaspace       used 109822K, committed 112000K, reserved 1179648K
  class space    used 15439K, committed 16512K, reserved 1048576K
}
Event: 18.147 GC heap after
{Heap after GC invocations=48 (full 0):
 garbage-first heap   total 268288K, used 168137K [0x0000000080000000, 0x0000000100000000)
  region size 1024K, 4 young (4096K), 4 survivors (4096K)
 Metaspace       used 109822K, committed 112000K, reserved 1179648K
  class space    used 15439K, committed 16512K, reserved 1048576K
}
Event: 18.935 GC heap before
{Heap before GC invocations=48 (full 0):
 garbage-first heap   total 268288K, used 245961K [0x0000000080000000, 0x0000000100000000)
  region size 1024K, 80 young (81920K), 4 survivors (4096K)
 Metaspace       used 114797K, committed 117120K, reserved 1179648K
  class space    used 16264K, committed 17408K, reserved 1048576K
}
Event: 18.941 GC heap after
{Heap after GC invocations=49 (full 0):
 garbage-first heap   total 268288K, used 172003K [0x0000000080000000, 0x0000000100000000)
  region size 1024K, 7 young (7168K), 7 survivors (7168K)
 Metaspace       used 114797K, committed 117120K, reserved 1179648K
  class space    used 16264K, committed 17408K, reserved 1048576K
}
Event: 19.852 GC heap before
{Heap before GC invocations=50 (full 0):
 garbage-first heap   total 286720K, used 247779K [0x0000000080000000, 0x0000000100000000)
  region size 1024K, 80 young (81920K), 7 survivors (7168K)
 Metaspace       used 120630K, committed 123008K, reserved 1179648K
  class space    used 17155K, committed 18304K, reserved 1048576K
}
Event: 19.866 GC heap after
{Heap after GC invocations=51 (full 0):
 garbage-first heap   total 286720K, used 180285K [0x0000000080000000, 0x0000000100000000)
  region size 1024K, 10 young (10240K), 10 survivors (10240K)
 Metaspace       used 120630K, committed 123008K, reserved 1179648K
  class space    used 17155K, committed 18304K, reserved 1048576K
}
Event: 20.452 GC heap before
{Heap before GC invocations=51 (full 0):
 garbage-first heap   total 286720K, used 261181K [0x0000000080000000, 0x0000000100000000)
  region size 1024K, 89 young (91136K), 10 survivors (10240K)
 Metaspace       used 120630K, committed 123008K, reserved 1179648K
  class space    used 17155K, committed 18304K, reserved 1048576K
}
Event: 20.462 GC heap after
{Heap after GC invocations=52 (full 0):
 garbage-first heap   total 286720K, used 181661K [0x0000000080000000, 0x0000000100000000)
  region size 1024K, 6 young (6144K), 6 survivors (6144K)
 Metaspace       used 120630K, committed 123008K, reserved 1179648K
  class space    used 17155K, committed 18304K, reserved 1048576K
}
Event: 20.998 GC heap before
{Heap before GC invocations=52 (full 0):
 garbage-first heap   total 286720K, used 264605K [0x0000000080000000, 0x0000000100000000)
  region size 1024K, 87 young (89088K), 6 survivors (6144K)
 Metaspace       used 120632K, committed 123008K, reserved 1179648K
  class space    used 17155K, committed 18304K, reserved 1048576K
}
Event: 21.005 GC heap after
{Heap after GC invocations=53 (full 0):
 garbage-first heap   total 286720K, used 182781K [0x0000000080000000, 0x0000000100000000)
  region size 1024K, 7 young (7168K), 7 survivors (7168K)
 Metaspace       used 120632K, committed 123008K, reserved 1179648K
  class space    used 17155K, committed 18304K, reserved 1048576K
}
Event: 21.558 GC heap before
{Heap before GC invocations=54 (full 0):
 garbage-first heap   total 306176K, used 262653K [0x0000000080000000, 0x0000000100000000)
  region size 1024K, 85 young (87040K), 7 survivors (7168K)
 Metaspace       used 120632K, committed 123008K, reserved 1179648K
  class space    used 17155K, committed 18304K, reserved 1048576K
}
Event: 21.565 GC heap after
{Heap after GC invocations=55 (full 0):
 garbage-first heap   total 306176K, used 185094K [0x0000000080000000, 0x0000000100000000)
  region size 1024K, 7 young (7168K), 7 survivors (7168K)
 Metaspace       used 120632K, committed 123008K, reserved 1179648K
  class space    used 17155K, committed 18304K, reserved 1048576K
}
Event: 22.800 GC heap before
{Heap before GC invocations=55 (full 0):
 garbage-first heap   total 306176K, used 281350K [0x0000000080000000, 0x0000000100000000)
  region size 1024K, 100 young (102400K), 7 survivors (7168K)
 Metaspace       used 124513K, committed 126848K, reserved 1179648K
  class space    used 17569K, committed 18688K, reserved 1048576K
}
Event: 22.838 GC heap after
{Heap after GC invocations=56 (full 0):
 garbage-first heap   total 306176K, used 186287K [0x0000000080000000, 0x0000000100000000)
  region size 1024K, 10 young (10240K), 10 survivors (10240K)
 Metaspace       used 124513K, committed 126848K, reserved 1179648K
  class space    used 17569K, committed 18688K, reserved 1048576K
}
Event: 24.125 GC heap before
{Heap before GC invocations=56 (full 0):
 garbage-first heap   total 306176K, used 279471K [0x0000000080000000, 0x0000000100000000)
  region size 1024K, 101 young (103424K), 10 survivors (10240K)
 Metaspace       used 132325K, committed 134784K, reserved 1179648K
  class space    used 18712K, committed 19904K, reserved 1048576K
}
Event: 24.135 GC heap after
{Heap after GC invocations=57 (full 0):
 garbage-first heap   total 306176K, used 191713K [0x0000000080000000, 0x0000000100000000)
  region size 1024K, 11 young (11264K), 11 survivors (11264K)
 Metaspace       used 132325K, committed 134784K, reserved 1179648K
  class space    used 18712K, committed 19904K, reserved 1048576K
}
Event: 26.867 GC heap before
{Heap before GC invocations=58 (full 0):
 garbage-first heap   total 321536K, used 280801K [0x0000000080000000, 0x0000000100000000)
  region size 1024K, 94 young (96256K), 11 survivors (11264K)
 Metaspace       used 141854K, committed 144320K, reserved 1179648K
  class space    used 19804K, committed 20992K, reserved 1048576K
}
Event: 26.884 GC heap after
{Heap after GC invocations=59 (full 0):
 garbage-first heap   total 321536K, used 198656K [0x0000000080000000, 0x0000000100000000)
  region size 1024K, 12 young (12288K), 12 survivors (12288K)
 Metaspace       used 141854K, committed 144320K, reserved 1179648K
  class space    used 19804K, committed 20992K, reserved 1048576K
}
Event: 27.320 GC heap before
{Heap before GC invocations=59 (full 0):
 garbage-first heap   total 321536K, used 291840K [0x0000000080000000, 0x0000000100000000)
  region size 1024K, 103 young (105472K), 12 survivors (12288K)
 Metaspace       used 141926K, committed 144384K, reserved 1179648K
  class space    used 19808K, committed 20992K, reserved 1048576K
}
Event: 27.335 GC heap after
{Heap after GC invocations=60 (full 0):
 garbage-first heap   total 321536K, used 201216K [0x0000000080000000, 0x0000000100000000)
  region size 1024K, 6 young (6144K), 6 survivors (6144K)
 Metaspace       used 141926K, committed 144384K, reserved 1179648K
  class space    used 19808K, committed 20992K, reserved 1048576K
}

