# JRE version: OpenJDK Runtime Environment (21.0.8) (build 21.0.8+-14196175-b1038.72)
# Java VM: OpenJDK 64-Bit Server VM (21.0.8+-14196175-b1038.72, mixed mode, tiered, compressed oops, compressed class ptrs, g1 gc, windows-amd64)
GC Precious Log:
 CardTable entry size: 512
 Card Set container configuration: InlinePtr #cards 5 size 8 Array Of Cards #cards 12 size 40 Howl #buckets 4 coarsen threshold 1843 Howl Bitmap #cards 512 size 80 coarsen threshold 460 Card regions per heap region 1 cards per card region 2048
 CPUs: 8 total, 8 available
 Memory: 3820M
 Large Page Support: Disabled
 NUMA Support: Disabled
 Compressed Oops: Enabled (32-bit)
 Heap Region Size: 1M
 Heap Min Capacity: 8M
 Heap Initial Capacity: 60M
 Heap Max Capacity: 2G
 Pre-touch: Disabled
 Parallel Workers: 8
 Concurrent Workers: 2
 Concurrent Refinement Workers: 8
 Periodic GC: Disabled
Heap:
 garbage-first heap   total 225280K, used 139510K [0x0000000080000000, 0x0000000100000000)
  region size 1024K, 6 young (6144K), 6 survivors (6144K)
 Metaspace       used 122375K, committed 124672K, reserved 1179648K
  class space    used 17325K, committed 18432K, reserved 1048576K
GC Heap History (20 events):
Event: 26.932 GC heap after
{Heap after GC invocations=52 (full 0):
 garbage-first heap   total 176128K, used 107934K [0x0000000080000000, 0x0000000100000000)
  region size 1024K, 7 young (7168K), 7 survivors (7168K)
 Metaspace       used 109484K, committed 111616K, reserved 1179648K
  class space    used 15502K, committed 16512K, reserved 1048576K
}
Event: 27.509 GC heap before
{Heap before GC invocations=52 (full 0):
 garbage-first heap   total 176128K, used 158110K [0x0000000080000000, 0x0000000100000000)
  region size 1024K, 56 young (57344K), 7 survivors (7168K)
 Metaspace       used 113861K, committed 116032K, reserved 1179648K
  class space    used 16113K, committed 17152K, reserved 1048576K
}
Event: 27.517 GC heap after
{Heap after GC invocations=53 (full 0):
 garbage-first heap   total 176128K, used 110744K [0x0000000080000000, 0x0000000100000000)
  region size 1024K, 6 young (6144K), 6 survivors (6144K)
 Metaspace       used 113861K, committed 116032K, reserved 1179648K
  class space    used 16113K, committed 17152K, reserved 1048576K
}
Event: 28.038 GC heap before
{Heap before GC invocations=54 (full 0):
 garbage-first heap   total 186368K, used 158872K [0x0000000080000000, 0x0000000100000000)
  region size 1024K, 53 young (54272K), 6 survivors (6144K)
 Metaspace       used 115417K, committed 117632K, reserved 1179648K
  class space    used 16346K, committed 17408K, reserved 1048576K
}
Event: 28.047 GC heap after
{Heap after GC invocations=55 (full 0):
 garbage-first heap   total 186368K, used 116653K [0x0000000080000000, 0x0000000100000000)
  region size 1024K, 7 young (7168K), 7 survivors (7168K)
 Metaspace       used 115417K, committed 117632K, reserved 1179648K
  class space    used 16346K, committed 17408K, reserved 1048576K
}
Event: 28.447 GC heap before
{Heap before GC invocations=55 (full 0):
 garbage-first heap   total 186368K, used 168877K [0x0000000080000000, 0x0000000100000000)
  region size 1024K, 58 young (59392K), 7 survivors (7168K)
 Metaspace       used 117007K, committed 119232K, reserved 1179648K
  class space    used 16598K, committed 17664K, reserved 1048576K
}
Event: 28.458 GC heap after
{Heap after GC invocations=56 (full 0):
 garbage-first heap   total 187392K, used 123221K [0x0000000080000000, 0x0000000100000000)
  region size 1024K, 8 young (8192K), 8 survivors (8192K)
 Metaspace       used 117007K, committed 119232K, reserved 1179648K
  class space    used 16598K, committed 17664K, reserved 1048576K
}
Event: 28.868 GC heap before
{Heap before GC invocations=56 (full 0):
 garbage-first heap   total 187392K, used 167253K [0x0000000080000000, 0x0000000100000000)
  region size 1024K, 51 young (52224K), 8 survivors (8192K)
 Metaspace       used 117808K, committed 120064K, reserved 1179648K
  class space    used 16690K, committed 17792K, reserved 1048576K
}
Event: 28.878 GC heap after
{Heap after GC invocations=57 (full 0):
 garbage-first heap   total 187392K, used 128556K [0x0000000080000000, 0x0000000100000000)
  region size 1024K, 5 young (5120K), 5 survivors (5120K)
 Metaspace       used 117808K, committed 120064K, reserved 1179648K
  class space    used 16690K, committed 17792K, reserved 1048576K
}
Event: 29.196 GC heap before
{Heap before GC invocations=58 (full 0):
 garbage-first heap   total 215040K, used 170540K [0x0000000080000000, 0x0000000100000000)
  region size 1024K, 46 young (47104K), 5 survivors (5120K)
 Metaspace       used 117813K, committed 120064K, reserved 1179648K
  class space    used 16690K, committed 17792K, reserved 1048576K
}
Event: 29.202 GC heap after
{Heap after GC invocations=59 (full 0):
 garbage-first heap   total 215040K, used 130652K [0x0000000080000000, 0x0000000100000000)
  region size 1024K, 4 young (4096K), 4 survivors (4096K)
 Metaspace       used 117813K, committed 120064K, reserved 1179648K
  class space    used 16690K, committed 17792K, reserved 1048576K
}
Event: 30.045 GC heap before
{Heap before GC invocations=59 (full 0):
 garbage-first heap   total 215040K, used 197212K [0x0000000080000000, 0x0000000100000000)
  region size 1024K, 70 young (71680K), 4 survivors (4096K)
 Metaspace       used 118446K, committed 120704K, reserved 1179648K
  class space    used 16803K, committed 17920K, reserved 1048576K
}
Event: 30.054 GC heap after
{Heap after GC invocations=60 (full 0):
 garbage-first heap   total 215040K, used 132365K [0x0000000080000000, 0x0000000100000000)
  region size 1024K, 8 young (8192K), 8 survivors (8192K)
 Metaspace       used 118446K, committed 120704K, reserved 1179648K
  class space    used 16803K, committed 17920K, reserved 1048576K
}
Event: 30.478 GC heap before
{Heap before GC invocations=60 (full 0):
 garbage-first heap   total 215040K, used 192781K [0x0000000080000000, 0x0000000100000000)
  region size 1024K, 68 young (69632K), 8 survivors (8192K)
 Metaspace       used 118671K, committed 120960K, reserved 1179648K
  class space    used 16834K, committed 17984K, reserved 1048576K
}
Event: 30.484 GC heap after
{Heap after GC invocations=61 (full 0):
 garbage-first heap   total 215040K, used 134584K [0x0000000080000000, 0x0000000100000000)
  region size 1024K, 5 young (5120K), 5 survivors (5120K)
 Metaspace       used 118671K, committed 120960K, reserved 1179648K
  class space    used 16834K, committed 17984K, reserved 1048576K
}
Event: 31.488 GC heap before
{Heap before GC invocations=62 (full 0):
 garbage-first heap   total 225280K, used 197048K [0x0000000080000000, 0x0000000100000000)
  region size 1024K, 67 young (68608K), 5 survivors (5120K)
 Metaspace       used 121850K, committed 124160K, reserved 1179648K
  class space    used 17250K, committed 18368K, reserved 1048576K
}
Event: 31.498 GC heap after
{Heap after GC invocations=63 (full 0):
 garbage-first heap   total 225280K, used 138447K [0x0000000080000000, 0x0000000100000000)
  region size 1024K, 9 young (9216K), 9 survivors (9216K)
 Metaspace       used 121850K, committed 124160K, reserved 1179648K
  class space    used 17250K, committed 18368K, reserved 1048576K
}
Event: 32.031 GC heap before
{Heap before GC invocations=63 (full 0):
 garbage-first heap   total 225280K, used 202959K [0x0000000080000000, 0x0000000100000000)
  region size 1024K, 73 young (74752K), 9 survivors (9216K)
 Metaspace       used 122190K, committed 124480K, reserved 1179648K
  class space    used 17310K, committed 18432K, reserved 1048576K
}
Event: 32.043 GC heap after
{Heap after GC invocations=64 (full 0):
 garbage-first heap   total 225280K, used 139239K [0x0000000080000000, 0x0000000100000000)
  region size 1024K, 5 young (5120K), 5 survivors (5120K)
 Metaspace       used 122190K, committed 124480K, reserved 1179648K
  class space    used 17310K, committed 18432K, reserved 1048576K
}
Event: 32.359 GC heap before
{Heap before GC invocations=64 (full 0):
 garbage-first heap   total 225280K, used 145383K [0x0000000080000000, 0x0000000100000000)
  region size 1024K, 13 young (13312K), 5 survivors (5120K)
 Metaspace       used 122375K, committed 124672K, reserved 1179648K
  class space    used 17325K, committed 18432K, reserved 1048576K
}

