# JRE version: OpenJDK Runtime Environment (21.0.8) (build 21.0.8+-14196175-b1038.72)
# Java VM: OpenJDK 64-Bit Server VM (21.0.8+-14196175-b1038.72, mixed mode, tiered, compressed oops, compressed class ptrs, g1 gc, windows-amd64)
GC Precious Log:
 CardTable entry size: 512
 Card Set container configuration: InlinePtr #cards 5 size 8 Array Of Cards #cards 12 size 40 Howl #buckets 4 coarsen threshold 1843 Howl Bitmap #cards 512 size 80 coarsen threshold 460 Card regions per heap region 1 cards per card region 2048
 CPUs: 8 total, 8 available
 Memory: 3820M
 Large Page Support: Disabled
 NUMA Support: Disabled
 Compressed Oops: Enabled (32-bit)
 Heap Region Size: 1M
 Heap Min Capacity: 8M
 Heap Initial Capacity: 60M
 Heap Max Capacity: 2G
 Pre-touch: Disabled
 Parallel Workers: 8
 Concurrent Workers: 2
 Concurrent Refinement Workers: 8
 Periodic GC: Disabled
Heap:
 garbage-first heap   total 322560K, used 262570K [0x0000000080000000, 0x0000000100000000)
  region size 1024K, 50 young (51200K), 6 survivors (6144K)
 Metaspace       used 167486K, committed 169984K, reserved 1245184K
  class space    used 21951K, committed 23168K, reserved 1048576K
GC Heap History (20 events):
Event: 22.230 GC heap before
{Heap before GC invocations=45 (full 0):
 garbage-first heap   total 245760K, used 223657K [0x0000000080000000, 0x0000000100000000)
  region size 1024K, 78 young (79872K), 9 survivors (9216K)
 Metaspace       used 140086K, committed 142272K, reserved 1179648K
  class space    used 18536K, committed 19584K, reserved 1048576K
}
Event: 22.246 GC heap after
{Heap after GC invocations=46 (full 0):
 garbage-first heap   total 245760K, used 148200K [0x0000000080000000, 0x0000000100000000)
  region size 1024K, 3 young (3072K), 3 survivors (3072K)
 Metaspace       used 140086K, committed 142272K, reserved 1179648K
  class space    used 18536K, committed 19584K, reserved 1048576K
}
Event: 25.218 GC heap before
{Heap before GC invocations=46 (full 0):
 garbage-first heap   total 245760K, used 227048K [0x0000000080000000, 0x0000000100000000)
  region size 1024K, 81 young (82944K), 3 survivors (3072K)
 Metaspace       used 148780K, committed 151040K, reserved 1179648K
  class space    used 19715K, committed 20800K, reserved 1048576K
}
Event: 25.233 GC heap after
{Heap after GC invocations=47 (full 0):
 garbage-first heap   total 245760K, used 153434K [0x0000000080000000, 0x0000000100000000)
  region size 1024K, 8 young (8192K), 8 survivors (8192K)
 Metaspace       used 148780K, committed 151040K, reserved 1179648K
  class space    used 19715K, committed 20800K, reserved 1048576K
}
Event: 26.697 GC heap before
{Heap before GC invocations=48 (full 0):
 garbage-first heap   total 256000K, used 225114K [0x0000000080000000, 0x0000000100000000)
  region size 1024K, 77 young (78848K), 8 survivors (8192K)
 Metaspace       used 151633K, committed 153920K, reserved 1245184K
  class space    used 20046K, committed 21120K, reserved 1048576K
}
Event: 26.739 GC heap after
{Heap after GC invocations=49 (full 0):
 garbage-first heap   total 256000K, used 158717K [0x0000000080000000, 0x0000000100000000)
  region size 1024K, 7 young (7168K), 7 survivors (7168K)
 Metaspace       used 151633K, committed 153920K, reserved 1245184K
  class space    used 20046K, committed 21120K, reserved 1048576K
}
Event: 30.758 GC heap before
{Heap before GC invocations=49 (full 0):
 garbage-first heap   total 256000K, used 233469K [0x0000000080000000, 0x0000000100000000)
  region size 1024K, 81 young (82944K), 7 survivors (7168K)
 Metaspace       used 154523K, committed 156800K, reserved 1245184K
  class space    used 20346K, committed 21440K, reserved 1048576K
}
Event: 30.778 GC heap after
{Heap after GC invocations=50 (full 0):
 garbage-first heap   total 256000K, used 157128K [0x0000000080000000, 0x0000000100000000)
  region size 1024K, 8 young (8192K), 8 survivors (8192K)
 Metaspace       used 154523K, committed 156800K, reserved 1245184K
  class space    used 20346K, committed 21440K, reserved 1048576K
}
Event: 32.115 GC heap before
{Heap before GC invocations=50 (full 0):
 garbage-first heap   total 256000K, used 232904K [0x0000000080000000, 0x0000000100000000)
  region size 1024K, 83 young (84992K), 8 survivors (8192K)
 Metaspace       used 154786K, committed 157056K, reserved 1245184K
  class space    used 20346K, committed 21440K, reserved 1048576K
}
Event: 32.141 GC heap after
{Heap after GC invocations=51 (full 0):
 garbage-first heap   total 256000K, used 160286K [0x0000000080000000, 0x0000000100000000)
  region size 1024K, 6 young (6144K), 6 survivors (6144K)
 Metaspace       used 154786K, committed 157056K, reserved 1245184K
  class space    used 20346K, committed 21440K, reserved 1048576K
}
Event: 33.786 GC heap before
{Heap before GC invocations=52 (full 0):
 garbage-first heap   total 268288K, used 236062K [0x0000000080000000, 0x0000000100000000)
  region size 1024K, 79 young (80896K), 6 survivors (6144K)
 Metaspace       used 154919K, committed 157248K, reserved 1245184K
  class space    used 20366K, committed 21504K, reserved 1048576K
}
Event: 33.799 GC heap after
{Heap after GC invocations=53 (full 0):
 garbage-first heap   total 268288K, used 163608K [0x0000000080000000, 0x0000000100000000)
  region size 1024K, 8 young (8192K), 8 survivors (8192K)
 Metaspace       used 154919K, committed 157248K, reserved 1245184K
  class space    used 20366K, committed 21504K, reserved 1048576K
}
Event: 36.977 GC heap before
{Heap before GC invocations=53 (full 0):
 garbage-first heap   total 268288K, used 261912K [0x0000000080000000, 0x0000000100000000)
  region size 1024K, 88 young (90112K), 8 survivors (8192K)
 Metaspace       used 154999K, committed 157312K, reserved 1245184K
  class space    used 20366K, committed 21504K, reserved 1048576K
}
Event: 37.045 GC heap after
{Heap after GC invocations=54 (full 0):
 garbage-first heap   total 293888K, used 188027K [0x0000000080000000, 0x0000000100000000)
  region size 1024K, 11 young (11264K), 11 survivors (11264K)
 Metaspace       used 154999K, committed 157312K, reserved 1245184K
  class space    used 20366K, committed 21504K, reserved 1048576K
}
Event: 37.793 GC heap before
{Heap before GC invocations=54 (full 0):
 garbage-first heap   total 293888K, used 195195K [0x0000000080000000, 0x0000000100000000)
  region size 1024K, 19 young (19456K), 11 survivors (11264K)
 Metaspace       used 155028K, committed 157312K, reserved 1245184K
  class space    used 20366K, committed 21504K, reserved 1048576K
}
Event: 37.833 GC heap after
{Heap after GC invocations=55 (full 0):
 garbage-first heap   total 293888K, used 191929K [0x0000000080000000, 0x0000000100000000)
  region size 1024K, 3 young (3072K), 3 survivors (3072K)
 Metaspace       used 155028K, committed 157312K, reserved 1245184K
  class space    used 20366K, committed 21504K, reserved 1048576K
}
Event: 49.966 GC heap before
{Heap before GC invocations=56 (full 0):
 garbage-first heap   total 322560K, used 272825K [0x0000000080000000, 0x0000000100000000)
  region size 1024K, 76 young (77824K), 3 survivors (3072K)
 Metaspace       used 156332K, committed 158656K, reserved 1245184K
  class space    used 20459K, committed 21568K, reserved 1048576K
}
Event: 50.054 GC heap after
{Heap after GC invocations=57 (full 0):
 garbage-first heap   total 322560K, used 207398K [0x0000000080000000, 0x0000000100000000)
  region size 1024K, 10 young (10240K), 10 survivors (10240K)
 Metaspace       used 156332K, committed 158656K, reserved 1245184K
  class space    used 20459K, committed 21568K, reserved 1048576K
}
Event: 59.742 GC heap before
{Heap before GC invocations=57 (full 0):
 garbage-first heap   total 322560K, used 290342K [0x0000000080000000, 0x0000000100000000)
  region size 1024K, 91 young (93184K), 10 survivors (10240K)
 Metaspace       used 165050K, committed 167552K, reserved 1245184K
  class space    used 21616K, committed 22848K, reserved 1048576K
}
Event: 59.880 GC heap after
{Heap after GC invocations=58 (full 0):
 garbage-first heap   total 322560K, used 213418K [0x0000000080000000, 0x0000000100000000)
  region size 1024K, 6 young (6144K), 6 survivors (6144K)
 Metaspace       used 165050K, committed 167552K, reserved 1245184K
  class space    used 21616K, committed 22848K, reserved 1048576K
}

