# JRE version: OpenJDK Runtime Environment (21.0.8) (build 21.0.8+-14196175-b1038.72)
# Java VM: OpenJDK 64-Bit Server VM (21.0.8+-14196175-b1038.72, mixed mode, tiered, compressed oops, compressed class ptrs, g1 gc, windows-amd64)
GC Precious Log:
 CardTable entry size: 512
 Card Set container configuration: InlinePtr #cards 5 size 8 Array Of Cards #cards 12 size 40 Howl #buckets 4 coarsen threshold 1843 Howl Bitmap #cards 512 size 80 coarsen threshold 460 Card regions per heap region 1 cards per card region 2048
 CPUs: 8 total, 8 available
 Memory: 3820M
 Large Page Support: Disabled
 NUMA Support: Disabled
 Compressed Oops: Enabled (32-bit)
 Heap Region Size: 1M
 Heap Min Capacity: 8M
 Heap Initial Capacity: 60M
 Heap Max Capacity: 2G
 Pre-touch: Disabled
 Parallel Workers: 8
 Concurrent Workers: 2
 Concurrent Refinement Workers: 8
 Periodic GC: Disabled
Heap:
 garbage-first heap   total 238592K, used 223118K [0x0000000080000000, 0x0000000100000000)
  region size 1024K, 71 young (72704K), 8 survivors (8192K)
 Metaspace       used 121321K, committed 123584K, reserved 1179648K
  class space    used 17060K, committed 18176K, reserved 1048576K
GC Heap History (20 events):
Event: 28.988 GC heap after
{Heap after GC invocations=49 (full 0):
 garbage-first heap   total 162816K, used 104496K [0x0000000080000000, 0x0000000100000000)
  region size 1024K, 3 young (3072K), 3 survivors (3072K)
 Metaspace       used 98240K, committed 100288K, reserved 1179648K
  class space    used 13668K, committed 14656K, reserved 1048576K
}
Event: 29.726 GC heap before
{Heap before GC invocations=50 (full 0):
 garbage-first heap   total 178176K, used 149552K [0x0000000080000000, 0x0000000100000000)
  region size 1024K, 46 young (47104K), 3 survivors (3072K)
 Metaspace       used 101789K, committed 103872K, reserved 1179648K
  class space    used 14317K, committed 15360K, reserved 1048576K
}
Event: 29.729 GC heap after
{Heap after GC invocations=51 (full 0):
 garbage-first heap   total 178176K, used 104937K [0x0000000080000000, 0x0000000100000000)
  region size 1024K, 3 young (3072K), 3 survivors (3072K)
 Metaspace       used 101789K, committed 103872K, reserved 1179648K
  class space    used 14317K, committed 15360K, reserved 1048576K
}
Event: 30.451 GC heap before
{Heap before GC invocations=51 (full 0):
 garbage-first heap   total 178176K, used 160233K [0x0000000080000000, 0x0000000100000000)
  region size 1024K, 57 young (58368K), 3 survivors (3072K)
 Metaspace       used 105766K, committed 107904K, reserved 1179648K
  class space    used 14928K, committed 16000K, reserved 1048576K
}
Event: 30.456 GC heap after
{Heap after GC invocations=52 (full 0):
 garbage-first heap   total 178176K, used 105551K [0x0000000080000000, 0x0000000100000000)
  region size 1024K, 6 young (6144K), 6 survivors (6144K)
 Metaspace       used 105766K, committed 107904K, reserved 1179648K
  class space    used 14928K, committed 16000K, reserved 1048576K
}
Event: 31.353 GC heap before
{Heap before GC invocations=52 (full 0):
 garbage-first heap   total 178176K, used 160847K [0x0000000080000000, 0x0000000100000000)
  region size 1024K, 60 young (61440K), 6 survivors (6144K)
 Metaspace       used 110314K, committed 112448K, reserved 1179648K
  class space    used 15611K, committed 16640K, reserved 1048576K
}
Event: 31.361 GC heap after
{Heap after GC invocations=53 (full 0):
 garbage-first heap   total 178176K, used 108303K [0x0000000080000000, 0x0000000100000000)
  region size 1024K, 7 young (7168K), 7 survivors (7168K)
 Metaspace       used 110314K, committed 112448K, reserved 1179648K
  class space    used 15611K, committed 16640K, reserved 1048576K
}
Event: 32.456 GC heap before
{Heap before GC invocations=54 (full 0):
 garbage-first heap   total 183296K, used 159503K [0x0000000080000000, 0x0000000100000000)
  region size 1024K, 57 young (58368K), 7 survivors (7168K)
 Metaspace       used 114225K, committed 116416K, reserved 1179648K
  class space    used 16173K, committed 17216K, reserved 1048576K
}
Event: 32.467 GC heap after
{Heap after GC invocations=55 (full 0):
 garbage-first heap   total 183296K, used 111687K [0x0000000080000000, 0x0000000100000000)
  region size 1024K, 7 young (7168K), 7 survivors (7168K)
 Metaspace       used 114225K, committed 116416K, reserved 1179648K
  class space    used 16173K, committed 17216K, reserved 1048576K
}
Event: 32.943 GC heap before
{Heap before GC invocations=55 (full 0):
 garbage-first heap   total 183296K, used 164935K [0x0000000080000000, 0x0000000100000000)
  region size 1024K, 59 young (60416K), 7 survivors (7168K)
 Metaspace       used 115077K, committed 117312K, reserved 1179648K
  class space    used 16292K, committed 17344K, reserved 1048576K
}
Event: 32.955 GC heap after
{Heap after GC invocations=56 (full 0):
 garbage-first heap   total 183296K, used 117681K [0x0000000080000000, 0x0000000100000000)
  region size 1024K, 8 young (8192K), 8 survivors (8192K)
 Metaspace       used 115077K, committed 117312K, reserved 1179648K
  class space    used 16292K, committed 17344K, reserved 1048576K
}
Event: 33.972 GC heap before
{Heap before GC invocations=56 (full 0):
 garbage-first heap   total 183296K, used 164785K [0x0000000080000000, 0x0000000100000000)
  region size 1024K, 54 young (55296K), 8 survivors (8192K)
 Metaspace       used 117322K, committed 119616K, reserved 1179648K
  class space    used 16632K, committed 17728K, reserved 1048576K
}
Event: 33.983 GC heap after
{Heap after GC invocations=57 (full 0):
 garbage-first heap   total 183296K, used 125796K [0x0000000080000000, 0x0000000100000000)
  region size 1024K, 7 young (7168K), 7 survivors (7168K)
 Metaspace       used 117322K, committed 119616K, reserved 1179648K
  class space    used 16632K, committed 17728K, reserved 1048576K
}
Event: 34.277 GC heap before
{Heap before GC invocations=58 (full 0):
 garbage-first heap   total 209920K, used 164708K [0x0000000080000000, 0x0000000100000000)
  region size 1024K, 45 young (46080K), 7 survivors (7168K)
 Metaspace       used 117326K, committed 119616K, reserved 1179648K
  class space    used 16633K, committed 17728K, reserved 1048576K
}
Event: 34.284 GC heap after
{Heap after GC invocations=59 (full 0):
 garbage-first heap   total 209920K, used 127610K [0x0000000080000000, 0x0000000100000000)
  region size 1024K, 4 young (4096K), 4 survivors (4096K)
 Metaspace       used 117326K, committed 119616K, reserved 1179648K
  class space    used 16633K, committed 17728K, reserved 1048576K
}
Event: 35.122 GC heap before
{Heap before GC invocations=59 (full 0):
 garbage-first heap   total 209920K, used 195194K [0x0000000080000000, 0x0000000100000000)
  region size 1024K, 65 young (66560K), 4 survivors (4096K)
 Metaspace       used 119248K, committed 121536K, reserved 1179648K
  class space    used 16847K, committed 17920K, reserved 1048576K
}
Event: 35.129 GC heap after
{Heap after GC invocations=60 (full 0):
 garbage-first heap   total 209920K, used 129123K [0x0000000080000000, 0x0000000100000000)
  region size 1024K, 7 young (7168K), 7 survivors (7168K)
 Metaspace       used 119248K, committed 121536K, reserved 1179648K
  class space    used 16847K, committed 17920K, reserved 1048576K
}
Event: 35.277 GC heap before
{Heap before GC invocations=60 (full 0):
 garbage-first heap   total 209920K, used 134243K [0x0000000080000000, 0x0000000100000000)
  region size 1024K, 13 young (13312K), 7 survivors (7168K)
 Metaspace       used 119436K, committed 121728K, reserved 1179648K
  class space    used 16867K, committed 17984K, reserved 1048576K
}
Event: 35.282 GC heap after
{Heap after GC invocations=61 (full 0):
 garbage-first heap   total 209920K, used 129934K [0x0000000080000000, 0x0000000100000000)
  region size 1024K, 1 young (1024K), 1 survivors (1024K)
 Metaspace       used 119436K, committed 121728K, reserved 1179648K
  class space    used 16867K, committed 17984K, reserved 1048576K
}
Event: 36.521 GC heap before
{Heap before GC invocations=62 (full 0):
 garbage-first heap   total 227328K, used 222094K [0x0000000080000000, 0x0000000100000000)
  region size 1024K, 64 young (65536K), 1 survivors (1024K)
 Metaspace       used 121321K, committed 123584K, reserved 1179648K
  class space    used 17060K, committed 18176K, reserved 1048576K
}

