# JRE version: OpenJDK Runtime Environment (21.0.8) (build 21.0.8+-14196175-b1038.72)
# Java VM: OpenJDK 64-Bit Server VM (21.0.8+-14196175-b1038.72, mixed mode, tiered, compressed oops, compressed class ptrs, g1 gc, windows-amd64)
GC Precious Log:
 CardTable entry size: 512
 Card Set container configuration: InlinePtr #cards 5 size 8 Array Of Cards #cards 12 size 40 Howl #buckets 4 coarsen threshold 1843 Howl Bitmap #cards 512 size 80 coarsen threshold 460 Card regions per heap region 1 cards per card region 2048
 CPUs: 8 total, 8 available
 Memory: 3820M
 Large Page Support: Disabled
 NUMA Support: Disabled
 Compressed Oops: Enabled (32-bit)
 Heap Region Size: 1M
 Heap Min Capacity: 8M
 Heap Initial Capacity: 60M
 Heap Max Capacity: 2G
 Pre-touch: Disabled
 Parallel Workers: 8
 Concurrent Workers: 2
 Concurrent Refinement Workers: 8
 Periodic GC: Disabled
Heap:
 garbage-first heap   total 162816K, used 102994K [0x0000000080000000, 0x0000000100000000)
  region size 1024K, 9 young (9216K), 4 survivors (4096K)
 Metaspace       used 69804K, committed 71488K, reserved 1114112K
  class space    used 9835K, committed 10624K, reserved 1048576K
GC Heap History (20 events):
Event: 5.110 GC heap before
{Heap before GC invocations=11 (full 0):
 garbage-first heap   total 71680K, used 70110K [0x0000000080000000, 0x0000000100000000)
  region size 1024K, 19 young (19456K), 3 survivors (3072K)
 Metaspace       used 36524K, committed 37440K, reserved 1114112K
  class space    used 5136K, committed 5568K, reserved 1048576K
}
Event: 5.115 GC heap after
{Heap after GC invocations=12 (full 0):
 garbage-first heap   total 97280K, used 60561K [0x0000000080000000, 0x0000000100000000)
  region size 1024K, 4 young (4096K), 4 survivors (4096K)
 Metaspace       used 36524K, committed 37440K, reserved 1114112K
  class space    used 5136K, committed 5568K, reserved 1048576K
}
Event: 5.573 GC heap before
{Heap before GC invocations=12 (full 0):
 garbage-first heap   total 97280K, used 85137K [0x0000000080000000, 0x0000000100000000)
  region size 1024K, 28 young (28672K), 4 survivors (4096K)
 Metaspace       used 40003K, committed 40960K, reserved 1114112K
  class space    used 5676K, committed 6144K, reserved 1048576K
}
Event: 5.577 GC heap after
{Heap after GC invocations=13 (full 0):
 garbage-first heap   total 97280K, used 61930K [0x0000000080000000, 0x0000000100000000)
  region size 1024K, 2 young (2048K), 2 survivors (2048K)
 Metaspace       used 40003K, committed 40960K, reserved 1114112K
  class space    used 5676K, committed 6144K, reserved 1048576K
}
Event: 6.079 GC heap before
{Heap before GC invocations=13 (full 0):
 garbage-first heap   total 97280K, used 85482K [0x0000000080000000, 0x0000000100000000)
  region size 1024K, 26 young (26624K), 2 survivors (2048K)
 Metaspace       used 45425K, committed 46336K, reserved 1114112K
  class space    used 6312K, committed 6720K, reserved 1048576K
}
Event: 6.083 GC heap after
{Heap after GC invocations=14 (full 0):
 garbage-first heap   total 97280K, used 64784K [0x0000000080000000, 0x0000000100000000)
  region size 1024K, 4 young (4096K), 4 survivors (4096K)
 Metaspace       used 45425K, committed 46336K, reserved 1114112K
  class space    used 6312K, committed 6720K, reserved 1048576K
}
Event: 6.398 GC heap before
{Heap before GC invocations=15 (full 0):
 garbage-first heap   total 109568K, used 85264K [0x0000000080000000, 0x0000000100000000)
  region size 1024K, 25 young (25600K), 4 survivors (4096K)
 Metaspace       used 46315K, committed 47296K, reserved 1114112K
  class space    used 6382K, committed 6848K, reserved 1048576K
}
Event: 6.404 GC heap after
{Heap after GC invocations=16 (full 0):
 garbage-first heap   total 109568K, used 67251K [0x0000000080000000, 0x0000000100000000)
  region size 1024K, 3 young (3072K), 3 survivors (3072K)
 Metaspace       used 46315K, committed 47296K, reserved 1114112K
  class space    used 6382K, committed 6848K, reserved 1048576K
}
Event: 6.993 GC heap before
{Heap before GC invocations=16 (full 0):
 garbage-first heap   total 109568K, used 102067K [0x0000000080000000, 0x0000000100000000)
  region size 1024K, 33 young (33792K), 3 survivors (3072K)
 Metaspace       used 50001K, committed 51008K, reserved 1114112K
  class space    used 6819K, committed 7296K, reserved 1048576K
}
Event: 6.997 GC heap after
{Heap after GC invocations=17 (full 0):
 garbage-first heap   total 109568K, used 69401K [0x0000000080000000, 0x0000000100000000)
  region size 1024K, 5 young (5120K), 5 survivors (5120K)
 Metaspace       used 50001K, committed 51008K, reserved 1114112K
  class space    used 6819K, committed 7296K, reserved 1048576K
}
Event: 7.366 GC heap before
{Heap before GC invocations=17 (full 0):
 garbage-first heap   total 109568K, used 98073K [0x0000000080000000, 0x0000000100000000)
  region size 1024K, 33 young (33792K), 5 survivors (5120K)
 Metaspace       used 53282K, committed 54592K, reserved 1114112K
  class space    used 7397K, committed 8000K, reserved 1048576K
}
Event: 7.370 GC heap after
{Heap after GC invocations=18 (full 0):
 garbage-first heap   total 109568K, used 70983K [0x0000000080000000, 0x0000000100000000)
  region size 1024K, 2 young (2048K), 2 survivors (2048K)
 Metaspace       used 53282K, committed 54592K, reserved 1114112K
  class space    used 7397K, committed 8000K, reserved 1048576K
}
Event: 7.791 GC heap before
{Heap before GC invocations=19 (full 0):
 garbage-first heap   total 119808K, used 99655K [0x0000000080000000, 0x0000000100000000)
  region size 1024K, 30 young (30720K), 2 survivors (2048K)
 Metaspace       used 56733K, committed 58240K, reserved 1114112K
  class space    used 7987K, committed 8704K, reserved 1048576K
}
Event: 7.795 GC heap after
{Heap after GC invocations=20 (full 0):
 garbage-first heap   total 144384K, used 72147K [0x0000000080000000, 0x0000000100000000)
  region size 1024K, 3 young (3072K), 3 survivors (3072K)
 Metaspace       used 56733K, committed 58240K, reserved 1114112K
  class space    used 7987K, committed 8704K, reserved 1048576K
}
Event: 8.573 GC heap before
{Heap before GC invocations=20 (full 0):
 garbage-first heap   total 144384K, used 142803K [0x0000000080000000, 0x0000000100000000)
  region size 1024K, 55 young (56320K), 3 survivors (3072K)
 Metaspace       used 60489K, committed 62016K, reserved 1114112K
  class space    used 8410K, committed 9152K, reserved 1048576K
}
Event: 8.586 GC heap after
{Heap after GC invocations=21 (full 0):
 garbage-first heap   total 154624K, used 95009K [0x0000000080000000, 0x0000000100000000)
  region size 1024K, 8 young (8192K), 8 survivors (8192K)
 Metaspace       used 60489K, committed 62016K, reserved 1114112K
  class space    used 8410K, committed 9152K, reserved 1048576K
}
Event: 8.978 GC heap before
{Heap before GC invocations=21 (full 0):
 garbage-first heap   total 154624K, used 135969K [0x0000000080000000, 0x0000000100000000)
  region size 1024K, 48 young (49152K), 8 survivors (8192K)
 Metaspace       used 63676K, committed 65280K, reserved 1114112K
  class space    used 8883K, committed 9664K, reserved 1048576K
}
Event: 8.984 GC heap after
{Heap after GC invocations=22 (full 0):
 garbage-first heap   total 154624K, used 96776K [0x0000000080000000, 0x0000000100000000)
  region size 1024K, 2 young (2048K), 2 survivors (2048K)
 Metaspace       used 63676K, committed 65280K, reserved 1114112K
  class space    used 8883K, committed 9664K, reserved 1048576K
}
Event: 11.719 GC heap before
{Heap before GC invocations=23 (full 0):
 garbage-first heap   total 162816K, used 138760K [0x0000000080000000, 0x0000000100000000)
  region size 1024K, 43 young (44032K), 2 survivors (2048K)
 Metaspace       used 69289K, committed 70976K, reserved 1114112K
  class space    used 9753K, committed 10560K, reserved 1048576K
}
Event: 11.724 GC heap after
{Heap after GC invocations=24 (full 0):
 garbage-first heap   total 162816K, used 98898K [0x0000000080000000, 0x0000000100000000)
  region size 1024K, 4 young (4096K), 4 survivors (4096K)
 Metaspace       used 69289K, committed 70976K, reserved 1114112K
  class space    used 9753K, committed 10560K, reserved 1048576K
}

