# JRE version: OpenJDK Runtime Environment (21.0.8) (build 21.0.8+-14196175-b1038.72)
# Java VM: OpenJDK 64-Bit Server VM (21.0.8+-14196175-b1038.72, mixed mode, tiered, compressed oops, compressed class ptrs, g1 gc, windows-amd64)
GC Precious Log:
 CardTable entry size: 512
 Card Set container configuration: InlinePtr #cards 5 size 8 Array Of Cards #cards 12 size 40 Howl #buckets 4 coarsen threshold 1843 Howl Bitmap #cards 512 size 80 coarsen threshold 460 Card regions per heap region 1 cards per card region 2048
 CPUs: 8 total, 8 available
 Memory: 3820M
 Large Page Support: Disabled
 NUMA Support: Disabled
 Compressed Oops: Enabled (32-bit)
 Heap Region Size: 1M
 Heap Min Capacity: 8M
 Heap Initial Capacity: 60M
 Heap Max Capacity: 2G
 Pre-touch: Disabled
 Parallel Workers: 8
 Concurrent Workers: 2
 Concurrent Refinement Workers: 8
 Periodic GC: Disabled
Heap:
 garbage-first heap   total 240640K, used 158408K [0x0000000080000000, 0x0000000100000000)
  region size 1024K, 4 young (4096K), 4 survivors (4096K)
 Metaspace       used 103717K, committed 105856K, reserved 1179648K
  class space    used 14447K, committed 15488K, reserved 1048576K
GC Heap History (20 events):
Event: 320.143 GC heap after
{Heap after GC invocations=38 (full 0):
 garbage-first heap   total 215040K, used 115910K [0x0000000080000000, 0x0000000100000000)
  region size 1024K, 2 young (2048K), 2 survivors (2048K)
 Metaspace       used 81375K, committed 83136K, reserved 1179648K
  class space    used 11474K, committed 12352K, reserved 1048576K
}
Event: 323.822 GC heap before
{Heap before GC invocations=38 (full 0):
 garbage-first heap   total 215040K, used 157894K [0x0000000080000000, 0x0000000100000000)
  region size 1024K, 44 young (45056K), 2 survivors (2048K)
 Metaspace       used 81608K, committed 83392K, reserved 1179648K
  class space    used 11474K, committed 12352K, reserved 1048576K
}
Event: 323.990 GC heap after
{Heap after GC invocations=39 (full 0):
 garbage-first heap   total 215040K, used 119053K [0x0000000080000000, 0x0000000100000000)
  region size 1024K, 5 young (5120K), 5 survivors (5120K)
 Metaspace       used 81608K, committed 83392K, reserved 1179648K
  class space    used 11474K, committed 12352K, reserved 1048576K
}
Event: 328.028 GC heap before
{Heap before GC invocations=40 (full 0):
 garbage-first heap   total 215040K, used 143629K [0x0000000080000000, 0x0000000100000000)
  region size 1024K, 30 young (30720K), 5 survivors (5120K)
 Metaspace       used 81645K, committed 83456K, reserved 1179648K
  class space    used 11474K, committed 12352K, reserved 1048576K
}
Event: 328.098 GC heap after
{Heap after GC invocations=41 (full 0):
 garbage-first heap   total 215040K, used 120189K [0x0000000080000000, 0x0000000100000000)
  region size 1024K, 4 young (4096K), 4 survivors (4096K)
 Metaspace       used 81645K, committed 83456K, reserved 1179648K
  class space    used 11474K, committed 12352K, reserved 1048576K
}
Event: 336.213 GC heap before
{Heap before GC invocations=41 (full 0):
 garbage-first heap   total 215040K, used 187773K [0x0000000080000000, 0x0000000100000000)
  region size 1024K, 71 young (72704K), 4 survivors (4096K)
 Metaspace       used 81670K, committed 83456K, reserved 1179648K
  class space    used 11478K, committed 12352K, reserved 1048576K
}
Event: 336.332 GC heap after
{Heap after GC invocations=42 (full 0):
 garbage-first heap   total 215040K, used 121345K [0x0000000080000000, 0x0000000100000000)
  region size 1024K, 7 young (7168K), 7 survivors (7168K)
 Metaspace       used 81670K, committed 83456K, reserved 1179648K
  class space    used 11478K, committed 12352K, reserved 1048576K
}
Event: 388.975 GC heap before
{Heap before GC invocations=42 (full 0):
 garbage-first heap   total 215040K, used 163329K [0x0000000080000000, 0x0000000100000000)
  region size 1024K, 35 young (35840K), 7 survivors (7168K)
 Metaspace       used 82653K, committed 84480K, reserved 1179648K
  class space    used 11582K, committed 12480K, reserved 1048576K
}
Event: 389.301 GC heap after
{Heap after GC invocations=43 (full 0):
 garbage-first heap   total 215040K, used 141139K [0x0000000080000000, 0x0000000100000000)
  region size 1024K, 5 young (5120K), 5 survivors (5120K)
 Metaspace       used 82653K, committed 84480K, reserved 1179648K
  class space    used 11582K, committed 12480K, reserved 1048576K
}
Event: 403.065 GC heap before
{Heap before GC invocations=43 (full 0):
 garbage-first heap   total 215040K, used 170835K [0x0000000080000000, 0x0000000100000000)
  region size 1024K, 35 young (35840K), 5 survivors (5120K)
 Metaspace       used 85181K, committed 87040K, reserved 1179648K
  class space    used 11919K, committed 12800K, reserved 1048576K
}
Event: 403.179 GC heap after
{Heap after GC invocations=44 (full 0):
 garbage-first heap   total 215040K, used 143856K [0x0000000080000000, 0x0000000100000000)
  region size 1024K, 2 young (2048K), 2 survivors (2048K)
 Metaspace       used 85181K, committed 87040K, reserved 1179648K
  class space    used 11919K, committed 12800K, reserved 1048576K
}
Event: 417.602 GC heap before
{Heap before GC invocations=45 (full 0):
 garbage-first heap   total 240640K, used 197104K [0x0000000080000000, 0x0000000100000000)
  region size 1024K, 55 young (56320K), 2 survivors (2048K)
 Metaspace       used 91490K, committed 93376K, reserved 1179648K
  class space    used 12759K, committed 13696K, reserved 1048576K
}
Event: 417.753 GC heap after
{Heap after GC invocations=46 (full 0):
 garbage-first heap   total 240640K, used 146033K [0x0000000080000000, 0x0000000100000000)
  region size 1024K, 4 young (4096K), 4 survivors (4096K)
 Metaspace       used 91490K, committed 93376K, reserved 1179648K
  class space    used 12759K, committed 13696K, reserved 1048576K
}
Event: 425.001 GC heap before
{Heap before GC invocations=46 (full 0):
 garbage-first heap   total 240640K, used 170609K [0x0000000080000000, 0x0000000100000000)
  region size 1024K, 23 young (23552K), 4 survivors (4096K)
 Metaspace       used 91915K, committed 93952K, reserved 1179648K
  class space    used 12849K, committed 13824K, reserved 1048576K
}
Event: 425.103 GC heap after
{Heap after GC invocations=47 (full 0):
 garbage-first heap   total 240640K, used 149294K [0x0000000080000000, 0x0000000100000000)
  region size 1024K, 3 young (3072K), 3 survivors (3072K)
 Metaspace       used 91915K, committed 93952K, reserved 1179648K
  class space    used 12849K, committed 13824K, reserved 1048576K
}
Event: 466.872 GC heap before
{Heap before GC invocations=47 (full 0):
 garbage-first heap   total 240640K, used 216878K [0x0000000080000000, 0x0000000100000000)
  region size 1024K, 70 young (71680K), 3 survivors (3072K)
 Metaspace       used 97348K, committed 99328K, reserved 1179648K
  class space    used 13553K, committed 14528K, reserved 1048576K
}
Event: 467.025 GC heap after
{Heap after GC invocations=48 (full 0):
 garbage-first heap   total 240640K, used 152555K [0x0000000080000000, 0x0000000100000000)
  region size 1024K, 7 young (7168K), 7 survivors (7168K)
 Metaspace       used 97348K, committed 99328K, reserved 1179648K
  class space    used 13553K, committed 14528K, reserved 1048576K
}
Event: 467.711 GC heap before
{Heap before GC invocations=48 (full 0):
 garbage-first heap   total 240640K, used 157675K [0x0000000080000000, 0x0000000100000000)
  region size 1024K, 12 young (12288K), 7 survivors (7168K)
 Metaspace       used 98329K, committed 100352K, reserved 1179648K
  class space    used 13677K, committed 14656K, reserved 1048576K
}
Event: 467.775 GC heap after
{Heap after GC invocations=49 (full 0):
 garbage-first heap   total 240640K, used 152809K [0x0000000080000000, 0x0000000100000000)
  region size 1024K, 2 young (2048K), 2 survivors (2048K)
 Metaspace       used 98329K, committed 100352K, reserved 1179648K
  class space    used 13677K, committed 14656K, reserved 1048576K
}
Event: 502.848 GC heap before
{Heap before GC invocations=49 (full 0):
 garbage-first heap   total 240640K, used 225513K [0x0000000080000000, 0x0000000100000000)
  region size 1024K, 71 young (72704K), 2 survivors (2048K)
 Metaspace       used 103717K, committed 105856K, reserved 1179648K
  class space    used 14447K, committed 15488K, reserved 1048576K
}

