# JRE version: OpenJDK Runtime Environment (21.0.8) (build 21.0.8+-14196175-b1038.72)
# Java VM: OpenJDK 64-Bit Server VM (21.0.8+-14196175-b1038.72, mixed mode, tiered, compressed oops, compressed class ptrs, g1 gc, windows-amd64)
GC Precious Log:
 CardTable entry size: 512
 Card Set container configuration: InlinePtr #cards 5 size 8 Array Of Cards #cards 12 size 40 Howl #buckets 4 coarsen threshold 1843 Howl Bitmap #cards 512 size 80 coarsen threshold 460 Card regions per heap region 1 cards per card region 2048
 CPUs: 8 total, 8 available
 Memory: 3820M
 Large Page Support: Disabled
 NUMA Support: Disabled
 Compressed Oops: Enabled (32-bit)
 Heap Region Size: 1M
 Heap Min Capacity: 8M
 Heap Initial Capacity: 60M
 Heap Max Capacity: 2G
 Pre-touch: Disabled
 Parallel Workers: 8
 Concurrent Workers: 2
 Concurrent Refinement Workers: 8
 Periodic GC: Disabled
Heap:
 garbage-first heap   total 140288K, used 97337K [0x0000000080000000, 0x0000000100000000)
  region size 1024K, 4 young (4096K), 2 survivors (2048K)
 Metaspace       used 62015K, committed 63680K, reserved 1114112K
  class space    used 8662K, committed 9472K, reserved 1048576K
GC Heap History (20 events):
Event: 4.924 GC heap before
{Heap before GC invocations=9 (full 0):
 garbage-first heap   total 73728K, used 33545K [0x0000000080000000, 0x0000000100000000)
  region size 1024K, 13 young (13312K), 4 survivors (4096K)
 Metaspace       used 35304K, committed 36096K, reserved 1114112K
  class space    used 4917K, committed 5312K, reserved 1048576K
}
Event: 4.929 GC heap after
{Heap after GC invocations=10 (full 0):
 garbage-first heap   total 73728K, used 26112K [0x0000000080000000, 0x0000000100000000)
  region size 1024K, 3 young (3072K), 3 survivors (3072K)
 Metaspace       used 35304K, committed 36096K, reserved 1114112K
  class space    used 4917K, committed 5312K, reserved 1048576K
}
Event: 5.364 GC heap before
{Heap before GC invocations=11 (full 0):
 garbage-first heap   total 73728K, used 72192K [0x0000000080000000, 0x0000000100000000)
  region size 1024K, 21 young (21504K), 3 survivors (3072K)
 Metaspace       used 36802K, committed 37696K, reserved 1114112K
  class space    used 5186K, committed 5568K, reserved 1048576K
}
Event: 5.371 GC heap after
{Heap after GC invocations=12 (full 0):
 garbage-first heap   total 82944K, used 60970K [0x0000000080000000, 0x0000000100000000)
  region size 1024K, 5 young (5120K), 5 survivors (5120K)
 Metaspace       used 36802K, committed 37696K, reserved 1114112K
  class space    used 5186K, committed 5568K, reserved 1048576K
}
Event: 5.530 GC heap before
{Heap before GC invocations=12 (full 0):
 garbage-first heap   total 82944K, used 72234K [0x0000000080000000, 0x0000000100000000)
  region size 1024K, 16 young (16384K), 5 survivors (5120K)
 Metaspace       used 38312K, committed 39232K, reserved 1114112K
  class space    used 5383K, committed 5824K, reserved 1048576K
}
Event: 5.533 GC heap after
{Heap after GC invocations=13 (full 0):
 garbage-first heap   total 82944K, used 60804K [0x0000000080000000, 0x0000000100000000)
  region size 1024K, 1 young (1024K), 1 survivors (1024K)
 Metaspace       used 38312K, committed 39232K, reserved 1114112K
  class space    used 5383K, committed 5824K, reserved 1048576K
}
Event: 5.790 GC heap before
{Heap before GC invocations=13 (full 0):
 garbage-first heap   total 82944K, used 74116K [0x0000000080000000, 0x0000000100000000)
  region size 1024K, 14 young (14336K), 1 survivors (1024K)
 Metaspace       used 40276K, committed 41152K, reserved 1114112K
  class space    used 5708K, committed 6144K, reserved 1048576K
}
Event: 5.794 GC heap after
{Heap after GC invocations=14 (full 0):
 garbage-first heap   total 82944K, used 61548K [0x0000000080000000, 0x0000000100000000)
  region size 1024K, 2 young (2048K), 2 survivors (2048K)
 Metaspace       used 40276K, committed 41152K, reserved 1114112K
  class space    used 5708K, committed 6144K, reserved 1048576K
}
Event: 6.053 GC heap before
{Heap before GC invocations=15 (full 0):
 garbage-first heap   total 106496K, used 72812K [0x0000000080000000, 0x0000000100000000)
  region size 1024K, 13 young (13312K), 2 survivors (2048K)
 Metaspace       used 42177K, committed 43136K, reserved 1114112K
  class space    used 5937K, committed 6400K, reserved 1048576K
}
Event: 6.056 GC heap after
{Heap after GC invocations=16 (full 0):
 garbage-first heap   total 128000K, used 62678K [0x0000000080000000, 0x0000000100000000)
  region size 1024K, 2 young (2048K), 2 survivors (2048K)
 Metaspace       used 42177K, committed 43136K, reserved 1114112K
  class space    used 5937K, committed 6400K, reserved 1048576K
}
Event: 6.749 GC heap before
{Heap before GC invocations=16 (full 0):
 garbage-first heap   total 128000K, used 116950K [0x0000000080000000, 0x0000000100000000)
  region size 1024K, 51 young (52224K), 2 survivors (2048K)
 Metaspace       used 48457K, committed 49536K, reserved 1114112K
  class space    used 6584K, committed 7104K, reserved 1048576K
}
Event: 6.754 GC heap after
{Heap after GC invocations=17 (full 0):
 garbage-first heap   total 128000K, used 67197K [0x0000000080000000, 0x0000000100000000)
  region size 1024K, 7 young (7168K), 7 survivors (7168K)
 Metaspace       used 48457K, committed 49536K, reserved 1114112K
  class space    used 6584K, committed 7104K, reserved 1048576K
}
Event: 7.382 GC heap before
{Heap before GC invocations=17 (full 0):
 garbage-first heap   total 128000K, used 111229K [0x0000000080000000, 0x0000000100000000)
  region size 1024K, 50 young (51200K), 7 survivors (7168K)
 Metaspace       used 53508K, committed 54912K, reserved 1114112K
  class space    used 7428K, committed 8064K, reserved 1048576K
}
Event: 7.387 GC heap after
{Heap after GC invocations=18 (full 0):
 garbage-first heap   total 128000K, used 70312K [0x0000000080000000, 0x0000000100000000)
  region size 1024K, 4 young (4096K), 4 survivors (4096K)
 Metaspace       used 53508K, committed 54912K, reserved 1114112K
  class space    used 7428K, committed 8064K, reserved 1048576K
}
Event: 8.200 GC heap before
{Heap before GC invocations=19 (full 0):
 garbage-first heap   total 128000K, used 114344K [0x0000000080000000, 0x0000000100000000)
  region size 1024K, 46 young (47104K), 4 survivors (4096K)
 Metaspace       used 57760K, committed 59264K, reserved 1114112K
  class space    used 8165K, committed 8896K, reserved 1048576K
}
Event: 8.205 GC heap after
{Heap after GC invocations=20 (full 0):
 garbage-first heap   total 128000K, used 76551K [0x0000000080000000, 0x0000000100000000)
  region size 1024K, 6 young (6144K), 6 survivors (6144K)
 Metaspace       used 57760K, committed 59264K, reserved 1114112K
  class space    used 8165K, committed 8896K, reserved 1048576K
}
Event: 8.729 GC heap before
{Heap before GC invocations=20 (full 0):
 garbage-first heap   total 128000K, used 126727K [0x0000000080000000, 0x0000000100000000)
  region size 1024K, 40 young (40960K), 6 survivors (6144K)
 Metaspace       used 60526K, committed 62144K, reserved 1114112K
  class space    used 8427K, committed 9216K, reserved 1048576K
}
Event: 8.735 GC heap after
{Heap after GC invocations=21 (full 0):
 garbage-first heap   total 140288K, used 95228K [0x0000000080000000, 0x0000000100000000)
  region size 1024K, 6 young (6144K), 6 survivors (6144K)
 Metaspace       used 60526K, committed 62144K, reserved 1114112K
  class space    used 8427K, committed 9216K, reserved 1048576K
}
Event: 9.004 GC heap before
{Heap before GC invocations=21 (full 0):
 garbage-first heap   total 140288K, used 124924K [0x0000000080000000, 0x0000000100000000)
  region size 1024K, 35 young (35840K), 6 survivors (6144K)
 Metaspace       used 61818K, committed 63424K, reserved 1114112K
  class space    used 8632K, committed 9408K, reserved 1048576K
}
Event: 9.008 GC heap after
{Heap after GC invocations=22 (full 0):
 garbage-first heap   total 140288K, used 96313K [0x0000000080000000, 0x0000000100000000)
  region size 1024K, 2 young (2048K), 2 survivors (2048K)
 Metaspace       used 61818K, committed 63424K, reserved 1114112K
  class space    used 8632K, committed 9408K, reserved 1048576K
}

