# JRE version: OpenJDK Runtime Environment (21.0.8) (build 21.0.8+-14196175-b1038.72)
# Java VM: OpenJDK 64-Bit Server VM (21.0.8+-14196175-b1038.72, mixed mode, tiered, compressed oops, compressed class ptrs, g1 gc, windows-amd64)
GC Precious Log:
 CardTable entry size: 512
 Card Set container configuration: InlinePtr #cards 5 size 8 Array Of Cards #cards 12 size 40 Howl #buckets 4 coarsen threshold 1843 Howl Bitmap #cards 512 size 80 coarsen threshold 460 Card regions per heap region 1 cards per card region 2048
 CPUs: 8 total, 8 available
 Memory: 3820M
 Large Page Support: Disabled
 NUMA Support: Disabled
 Compressed Oops: Enabled (32-bit)
 Heap Region Size: 1M
 Heap Min Capacity: 8M
 Heap Initial Capacity: 60M
 Heap Max Capacity: 956M
 Pre-touch: Disabled
 Parallel Workers: 8
 Concurrent Workers: 2
 Concurrent Refinement Workers: 8
 Periodic GC: Disabled
Heap:
 garbage-first heap   total 53248K, used 38520K [0x00000000c4400000, 0x0000000100000000)
  region size 1024K, 3 young (3072K), 2 survivors (2048K)
 Metaspace       used 51140K, committed 51392K, reserved 1114112K
  class space    used 6059K, committed 6144K, reserved 1048576K
GC Heap History (20 events):
Event: 1.445 GC heap before
{Heap before GC invocations=5 (full 0):
 garbage-first heap   total 34816K, used 26485K [0x00000000c4400000, 0x0000000100000000)
  region size 1024K, 13 young (13312K), 2 survivors (2048K)
 Metaspace       used 31194K, committed 31424K, reserved 1114112K
  class space    used 3657K, committed 3776K, reserved 1048576K
}
Event: 1.449 GC heap after
{Heap after GC invocations=6 (full 0):
 garbage-first heap   total 34816K, used 16045K [0x00000000c4400000, 0x0000000100000000)
  region size 1024K, 1 young (1024K), 1 survivors (1024K)
 Metaspace       used 31194K, committed 31424K, reserved 1114112K
  class space    used 3657K, committed 3776K, reserved 1048576K
}
Event: 1.614 GC heap before
{Heap before GC invocations=6 (full 0):
 garbage-first heap   total 34816K, used 26285K [0x00000000c4400000, 0x0000000100000000)
  region size 1024K, 12 young (12288K), 1 survivors (1024K)
 Metaspace       used 34066K, committed 34304K, reserved 1114112K
  class space    used 4232K, committed 4352K, reserved 1048576K
}
Event: 1.616 GC heap after
{Heap after GC invocations=7 (full 0):
 garbage-first heap   total 34816K, used 17295K [0x00000000c4400000, 0x0000000100000000)
  region size 1024K, 2 young (2048K), 2 survivors (2048K)
 Metaspace       used 34066K, committed 34304K, reserved 1114112K
  class space    used 4232K, committed 4352K, reserved 1048576K
}
Event: 1.701 GC heap before
{Heap before GC invocations=7 (full 0):
 garbage-first heap   total 34816K, used 23439K [0x00000000c4400000, 0x0000000100000000)
  region size 1024K, 10 young (10240K), 2 survivors (2048K)
 Metaspace       used 35762K, committed 35968K, reserved 1114112K
  class space    used 4416K, committed 4544K, reserved 1048576K
}
Event: 1.703 GC heap after
{Heap after GC invocations=8 (full 0):
 garbage-first heap   total 41984K, used 17545K [0x00000000c4400000, 0x0000000100000000)
  region size 1024K, 1 young (1024K), 1 survivors (1024K)
 Metaspace       used 35762K, committed 35968K, reserved 1114112K
  class space    used 4416K, committed 4544K, reserved 1048576K
}
Event: 1.966 GC heap before
{Heap before GC invocations=9 (full 0):
 garbage-first heap   total 41984K, used 33929K [0x00000000c4400000, 0x0000000100000000)
  region size 1024K, 18 young (18432K), 1 survivors (1024K)
 Metaspace       used 40327K, committed 40512K, reserved 1114112K
  class space    used 4882K, committed 4992K, reserved 1048576K
}
Event: 1.969 GC heap after
{Heap after GC invocations=10 (full 0):
 garbage-first heap   total 41984K, used 18354K [0x00000000c4400000, 0x0000000100000000)
  region size 1024K, 2 young (2048K), 2 survivors (2048K)
 Metaspace       used 40327K, committed 40512K, reserved 1114112K
  class space    used 4882K, committed 4992K, reserved 1048576K
}
Event: 2.287 GC heap before
{Heap before GC invocations=10 (full 0):
 garbage-first heap   total 41984K, used 33714K [0x00000000c4400000, 0x0000000100000000)
  region size 1024K, 18 young (18432K), 2 survivors (2048K)
 Metaspace       used 44694K, committed 44928K, reserved 1114112K
  class space    used 5351K, committed 5440K, reserved 1048576K
}
Event: 2.292 GC heap after
{Heap after GC invocations=11 (full 0):
 garbage-first heap   total 41984K, used 19184K [0x00000000c4400000, 0x0000000100000000)
  region size 1024K, 3 young (3072K), 3 survivors (3072K)
 Metaspace       used 44694K, committed 44928K, reserved 1114112K
  class space    used 5351K, committed 5440K, reserved 1048576K
}
Event: 2.560 GC heap before
{Heap before GC invocations=11 (full 0):
 garbage-first heap   total 41984K, used 34544K [0x00000000c4400000, 0x0000000100000000)
  region size 1024K, 18 young (18432K), 3 survivors (3072K)
 Metaspace       used 47080K, committed 47296K, reserved 1114112K
  class space    used 5597K, committed 5696K, reserved 1048576K
}
Event: 2.568 GC heap after
{Heap after GC invocations=12 (full 0):
 garbage-first heap   total 41984K, used 22837K [0x00000000c4400000, 0x0000000100000000)
  region size 1024K, 3 young (3072K), 3 survivors (3072K)
 Metaspace       used 47080K, committed 47296K, reserved 1114112K
  class space    used 5597K, committed 5696K, reserved 1048576K
}
Event: 2.711 GC heap before
{Heap before GC invocations=12 (full 0):
 garbage-first heap   total 41984K, used 33077K [0x00000000c4400000, 0x0000000100000000)
  region size 1024K, 14 young (14336K), 3 survivors (3072K)
 Metaspace       used 48462K, committed 48640K, reserved 1114112K
  class space    used 5755K, committed 5824K, reserved 1048576K
}
Event: 2.717 GC heap after
{Heap after GC invocations=13 (full 0):
 garbage-first heap   total 51200K, used 25511K [0x00000000c4400000, 0x0000000100000000)
  region size 1024K, 2 young (2048K), 2 survivors (2048K)
 Metaspace       used 48462K, committed 48640K, reserved 1114112K
  class space    used 5755K, committed 5824K, reserved 1048576K
}
Event: 2.792 GC heap before
{Heap before GC invocations=14 (full 0):
 garbage-first heap   total 51200K, used 42919K [0x00000000c4400000, 0x0000000100000000)
  region size 1024K, 19 young (19456K), 2 survivors (2048K)
 Metaspace       used 48509K, committed 48704K, reserved 1114112K
  class space    used 5756K, committed 5824K, reserved 1048576K
}
Event: 2.802 GC heap after
{Heap after GC invocations=15 (full 0):
 garbage-first heap   total 53248K, used 33476K [0x00000000c4400000, 0x0000000100000000)
  region size 1024K, 3 young (3072K), 3 survivors (3072K)
 Metaspace       used 48509K, committed 48704K, reserved 1114112K
  class space    used 5756K, committed 5824K, reserved 1048576K
}
Event: 3.075 GC heap before
{Heap before GC invocations=15 (full 0):
 garbage-first heap   total 53248K, used 44740K [0x00000000c4400000, 0x0000000100000000)
  region size 1024K, 14 young (14336K), 3 survivors (3072K)
 Metaspace       used 50700K, committed 50944K, reserved 1114112K
  class space    used 6011K, committed 6080K, reserved 1048576K
}
Event: 3.086 GC heap after
{Heap after GC invocations=16 (full 0):
 garbage-first heap   total 53248K, used 35220K [0x00000000c4400000, 0x0000000100000000)
  region size 1024K, 2 young (2048K), 2 survivors (2048K)
 Metaspace       used 50700K, committed 50944K, reserved 1114112K
  class space    used 6011K, committed 6080K, reserved 1048576K
}
Event: 3.173 GC heap before
{Heap before GC invocations=16 (full 0):
 garbage-first heap   total 53248K, used 45460K [0x00000000c4400000, 0x0000000100000000)
  region size 1024K, 12 young (12288K), 2 survivors (2048K)
 Metaspace       used 51000K, committed 51264K, reserved 1114112K
  class space    used 6036K, committed 6144K, reserved 1048576K
}
Event: 3.179 GC heap after
{Heap after GC invocations=17 (full 0):
 garbage-first heap   total 53248K, used 38520K [0x00000000c4400000, 0x0000000100000000)
  region size 1024K, 2 young (2048K), 2 survivors (2048K)
 Metaspace       used 51000K, committed 51264K, reserved 1114112K
  class space    used 6036K, committed 6144K, reserved 1048576K
}

