# JRE version: OpenJDK Runtime Environment Temurin-17.0.16+8 (17.0.16+8) (build 17.0.16+8)
# Java VM: OpenJDK 64-Bit Server VM Temurin-17.0.16+8 (17.0.16+8, mixed mode, sharing, tiered, compressed oops, compressed class ptrs, g1 gc, windows-amd64)
GC Precious Log:
 CPUs: 8 total, 8 available
 Memory: 3820M
 Large Page Support: Disabled
 NUMA Support: Disabled
 Compressed Oops: Enabled (32-bit)
 Heap Region Size: 1M
 Heap Min Capacity: 8M
 Heap Initial Capacity: 60M
 Heap Max Capacity: 2G
 Pre-touch: Disabled
 Parallel Workers: 8
 Concurrent Workers: 2
 Concurrent Refinement Workers: 8
 Periodic GC: Disabled
Heap:
 garbage-first heap   total 70656K, used 38921K [0x0000000080000000, 0x0000000100000000)
  region size 1024K, 6 young (6144K), 3 survivors (3072K)
 Metaspace       used 36767K, committed 37184K, reserved 1114112K
  class space    used 5057K, committed 5248K, reserved 1048576K
GC Heap History (20 events):
Event: 5.458 GC heap before
{Heap before GC invocations=7 (full 0):
 garbage-first heap   total 61440K, used 45812K [0x0000000080000000, 0x0000000100000000)
  region size 1024K, 26 young (26624K), 3 survivors (3072K)
 Metaspace       used 20508K, committed 20800K, reserved 1114112K
  class space    used 2995K, committed 3136K, reserved 1048576K
}
Event: 5.462 GC heap after
{Heap after GC invocations=8 (full 0):
 garbage-first heap   total 61440K, used 23683K [0x0000000080000000, 0x0000000100000000)
  region size 1024K, 3 young (3072K), 3 survivors (3072K)
 Metaspace       used 20508K, committed 20800K, reserved 1114112K
  class space    used 2995K, committed 3136K, reserved 1048576K
}
Event: 5.600 GC heap before
{Heap before GC invocations=8 (full 0):
 garbage-first heap   total 61440K, used 29827K [0x0000000080000000, 0x0000000100000000)
  region size 1024K, 10 young (10240K), 3 survivors (3072K)
 Metaspace       used 21170K, committed 21504K, reserved 1114112K
  class space    used 3091K, committed 3264K, reserved 1048576K
}
Event: 5.604 GC heap after
{Heap after GC invocations=9 (full 0):
 garbage-first heap   total 61440K, used 24529K [0x0000000080000000, 0x0000000100000000)
  region size 1024K, 3 young (3072K), 3 survivors (3072K)
 Metaspace       used 21170K, committed 21504K, reserved 1114112K
  class space    used 3091K, committed 3264K, reserved 1048576K
}
Event: 6.208 GC heap before
{Heap before GC invocations=10 (full 0):
 garbage-first heap   total 61440K, used 45009K [0x0000000080000000, 0x0000000100000000)
  region size 1024K, 24 young (24576K), 3 survivors (3072K)
 Metaspace       used 23164K, committed 23616K, reserved 1114112K
  class space    used 3446K, committed 3648K, reserved 1048576K
}
Event: 6.213 GC heap after
{Heap after GC invocations=11 (full 0):
 garbage-first heap   total 61440K, used 28417K [0x0000000080000000, 0x0000000100000000)
  region size 1024K, 3 young (3072K), 3 survivors (3072K)
 Metaspace       used 23164K, committed 23616K, reserved 1114112K
  class space    used 3446K, committed 3648K, reserved 1048576K
}
Event: 6.851 GC heap before
{Heap before GC invocations=11 (full 0):
 garbage-first heap   total 61440K, used 45825K [0x0000000080000000, 0x0000000100000000)
  region size 1024K, 21 young (21504K), 3 survivors (3072K)
 Metaspace       used 26233K, committed 26688K, reserved 1114112K
  class space    used 3821K, committed 4032K, reserved 1048576K
}
Event: 6.854 GC heap after
{Heap after GC invocations=12 (full 0):
 garbage-first heap   total 61440K, used 28949K [0x0000000080000000, 0x0000000100000000)
  region size 1024K, 2 young (2048K), 2 survivors (2048K)
 Metaspace       used 26233K, committed 26688K, reserved 1114112K
  class space    used 3821K, committed 4032K, reserved 1048576K
}
Event: 7.523 GC heap before
{Heap before GC invocations=12 (full 0):
 garbage-first heap   total 61440K, used 46357K [0x0000000080000000, 0x0000000100000000)
  region size 1024K, 19 young (19456K), 2 survivors (2048K)
 Metaspace       used 28358K, committed 28800K, reserved 1114112K
  class space    used 4173K, committed 4352K, reserved 1048576K
}
Event: 7.525 GC heap after
{Heap after GC invocations=13 (full 0):
 garbage-first heap   total 61440K, used 30050K [0x0000000080000000, 0x0000000100000000)
  region size 1024K, 3 young (3072K), 3 survivors (3072K)
 Metaspace       used 28358K, committed 28800K, reserved 1114112K
  class space    used 4173K, committed 4352K, reserved 1048576K
}
Event: 7.913 GC heap before
{Heap before GC invocations=14 (full 0):
 garbage-first heap   total 61440K, used 46434K [0x0000000080000000, 0x0000000100000000)
  region size 1024K, 20 young (20480K), 3 survivors (3072K)
 Metaspace       used 32026K, committed 32448K, reserved 1114112K
  class space    used 4556K, committed 4736K, reserved 1048576K
}
Event: 7.916 GC heap after
{Heap after GC invocations=15 (full 0):
 garbage-first heap   total 61440K, used 32028K [0x0000000080000000, 0x0000000100000000)
  region size 1024K, 3 young (3072K), 3 survivors (3072K)
 Metaspace       used 32026K, committed 32448K, reserved 1114112K
  class space    used 4556K, committed 4736K, reserved 1048576K
}
Event: 8.169 GC heap before
{Heap before GC invocations=15 (full 0):
 garbage-first heap   total 61440K, used 47388K [0x0000000080000000, 0x0000000100000000)
  region size 1024K, 19 young (19456K), 3 survivors (3072K)
 Metaspace       used 33552K, committed 33984K, reserved 1114112K
  class space    used 4712K, committed 4928K, reserved 1048576K
}
Event: 8.174 GC heap after
{Heap after GC invocations=16 (full 0):
 garbage-first heap   total 61440K, used 34090K [0x0000000080000000, 0x0000000100000000)
  region size 1024K, 2 young (2048K), 2 survivors (2048K)
 Metaspace       used 33552K, committed 33984K, reserved 1114112K
  class space    used 4712K, committed 4928K, reserved 1048576K
}
Event: 8.369 GC heap before
{Heap before GC invocations=17 (full 0):
 garbage-first heap   total 63488K, used 48426K [0x0000000080000000, 0x0000000100000000)
  region size 1024K, 16 young (16384K), 2 survivors (2048K)
 Metaspace       used 34028K, committed 34496K, reserved 1114112K
  class space    used 4780K, committed 4992K, reserved 1048576K
}
Event: 8.372 GC heap after
{Heap after GC invocations=18 (full 0):
 garbage-first heap   total 63488K, used 34468K [0x0000000080000000, 0x0000000100000000)
  region size 1024K, 2 young (2048K), 2 survivors (2048K)
 Metaspace       used 34028K, committed 34496K, reserved 1114112K
  class space    used 4780K, committed 4992K, reserved 1048576K
}
Event: 8.410 GC heap before
{Heap before GC invocations=18 (full 0):
 garbage-first heap   total 63488K, used 36516K [0x0000000080000000, 0x0000000100000000)
  region size 1024K, 6 young (6144K), 2 survivors (2048K)
 Metaspace       used 34231K, committed 34688K, reserved 1114112K
  class space    used 4807K, committed 5056K, reserved 1048576K
}
Event: 8.413 GC heap after
{Heap after GC invocations=19 (full 0):
 garbage-first heap   total 63488K, used 35107K [0x0000000080000000, 0x0000000100000000)
  region size 1024K, 2 young (2048K), 2 survivors (2048K)
 Metaspace       used 34231K, committed 34688K, reserved 1114112K
  class space    used 4807K, committed 5056K, reserved 1048576K
}
Event: 8.915 GC heap before
{Heap before GC invocations=20 (full 0):
 garbage-first heap   total 70656K, used 55587K [0x0000000080000000, 0x0000000100000000)
  region size 1024K, 17 young (17408K), 2 survivors (2048K)
 Metaspace       used 36417K, committed 36864K, reserved 1114112K
  class space    used 5003K, committed 5184K, reserved 1048576K
}
Event: 8.919 GC heap after
{Heap after GC invocations=21 (full 0):
 garbage-first heap   total 70656K, used 36873K [0x0000000080000000, 0x0000000100000000)
  region size 1024K, 3 young (3072K), 3 survivors (3072K)
 Metaspace       used 36417K, committed 36864K, reserved 1114112K
  class space    used 5003K, committed 5184K, reserved 1048576K
}

